<?xml version="1.0" encoding="UTF-8"?>
<!-- Generated by org.testng.reporters.JUnitReportReporter -->
<testsuite hostname="DESKTOP-5TT2MLP" failures="0" tests="1" name="TestClasses.LoginAssignTestClass" time="9.945" errors="0" timestamp="2023-01-19T18:12:54 IST" skipped="0">
  <testcase classname="TestClasses.LoginAssignTestClass" name="validateAmounttab" time="9.945"/>
  <system-out/>
</testsuite> <!-- TestClasses.LoginAssignTestClass -->
